ERROR - 2022-05-25 05:30:41 --> Unknown column 'images' in 'where clause'
CRITICAL - 2022-05-25 05:30:41 --> Unknown column 'images' in 'where clause'
#0 C:\Users\ayesh\Documents\UPI\RPL\git\lombi-website\Back-End\ci4rplv2\vendor\codeigniter4\framework\system\Database\MySQLi\Connection.php(292): mysqli->query('SELECT * FROM l...', 0)
#1 C:\Users\ayesh\Documents\UPI\RPL\git\lombi-website\Back-End\ci4rplv2\vendor\codeigniter4\framework\system\Database\BaseConnection.php(670): CodeIgniter\Database\MySQLi\Connection->execute('SELECT * FROM l...')
#2 C:\Users\ayesh\Documents\UPI\RPL\git\lombi-website\Back-End\ci4rplv2\vendor\codeigniter4\framework\system\Database\BaseConnection.php(598): CodeIgniter\Database\BaseConnection->simpleQuery('SELECT * FROM l...')
#3 C:\Users\ayesh\Documents\UPI\RPL\git\lombi-website\Back-End\ci4rplv2\app\Models\Mlomba.php(40): CodeIgniter\Database\BaseConnection->query('SELECT * FROM l...')
#4 C:\Users\ayesh\Documents\UPI\RPL\git\lombi-website\Back-End\ci4rplv2\app\Controllers\Home.php(30): App\Models\Mlomba->detail('images')
#5 C:\Users\ayesh\Documents\UPI\RPL\git\lombi-website\Back-End\ci4rplv2\vendor\codeigniter4\framework\system\CodeIgniter.php(832): App\Controllers\Home->detail('images', 'logo.png')
#6 C:\Users\ayesh\Documents\UPI\RPL\git\lombi-website\Back-End\ci4rplv2\vendor\codeigniter4\framework\system\CodeIgniter.php(419): CodeIgniter\CodeIgniter->runController(Object(App\Controllers\Home))
#7 C:\Users\ayesh\Documents\UPI\RPL\git\lombi-website\Back-End\ci4rplv2\vendor\codeigniter4\framework\system\CodeIgniter.php(326): CodeIgniter\CodeIgniter->handleRequest(NULL, Object(Config\Cache), false)
#8 C:\Users\ayesh\Documents\UPI\RPL\git\lombi-website\Back-End\ci4rplv2\public\index.php(37): CodeIgniter\CodeIgniter->run()
#9 C:\Users\ayesh\Documents\UPI\RPL\git\lombi-website\Back-End\ci4rplv2\vendor\codeigniter4\framework\system\Commands\Server\rewrite.php(43): require_once('C:\\Users\\ayesh\\...')
#10 {main}
ERROR - 2022-05-25 05:30:45 --> Unknown column 'images' in 'where clause'
CRITICAL - 2022-05-25 05:30:45 --> Unknown column 'images' in 'where clause'
#0 C:\Users\ayesh\Documents\UPI\RPL\git\lombi-website\Back-End\ci4rplv2\vendor\codeigniter4\framework\system\Database\MySQLi\Connection.php(292): mysqli->query('SELECT * FROM l...', 0)
#1 C:\Users\ayesh\Documents\UPI\RPL\git\lombi-website\Back-End\ci4rplv2\vendor\codeigniter4\framework\system\Database\BaseConnection.php(670): CodeIgniter\Database\MySQLi\Connection->execute('SELECT * FROM l...')
#2 C:\Users\ayesh\Documents\UPI\RPL\git\lombi-website\Back-End\ci4rplv2\vendor\codeigniter4\framework\system\Database\BaseConnection.php(598): CodeIgniter\Database\BaseConnection->simpleQuery('SELECT * FROM l...')
#3 C:\Users\ayesh\Documents\UPI\RPL\git\lombi-website\Back-End\ci4rplv2\app\Models\Mlomba.php(40): CodeIgniter\Database\BaseConnection->query('SELECT * FROM l...')
#4 C:\Users\ayesh\Documents\UPI\RPL\git\lombi-website\Back-End\ci4rplv2\app\Controllers\Clomba.php(29): App\Models\Mlomba->detail('images')
#5 C:\Users\ayesh\Documents\UPI\RPL\git\lombi-website\Back-End\ci4rplv2\vendor\codeigniter4\framework\system\CodeIgniter.php(832): App\Controllers\Clomba->daftar('images', 'logo.png')
#6 C:\Users\ayesh\Documents\UPI\RPL\git\lombi-website\Back-End\ci4rplv2\vendor\codeigniter4\framework\system\CodeIgniter.php(419): CodeIgniter\CodeIgniter->runController(Object(App\Controllers\Clomba))
#7 C:\Users\ayesh\Documents\UPI\RPL\git\lombi-website\Back-End\ci4rplv2\vendor\codeigniter4\framework\system\CodeIgniter.php(326): CodeIgniter\CodeIgniter->handleRequest(NULL, Object(Config\Cache), false)
#8 C:\Users\ayesh\Documents\UPI\RPL\git\lombi-website\Back-End\ci4rplv2\public\index.php(37): CodeIgniter\CodeIgniter->run()
#9 C:\Users\ayesh\Documents\UPI\RPL\git\lombi-website\Back-End\ci4rplv2\vendor\codeigniter4\framework\system\Commands\Server\rewrite.php(43): require_once('C:\\Users\\ayesh\\...')
#10 {main}
ERROR - 2022-05-25 05:31:02 --> Unknown column 'images' in 'where clause'
CRITICAL - 2022-05-25 05:31:02 --> Unknown column 'images' in 'where clause'
#0 C:\Users\ayesh\Documents\UPI\RPL\git\lombi-website\Back-End\ci4rplv2\vendor\codeigniter4\framework\system\Database\MySQLi\Connection.php(292): mysqli->query('SELECT * FROM l...', 0)
#1 C:\Users\ayesh\Documents\UPI\RPL\git\lombi-website\Back-End\ci4rplv2\vendor\codeigniter4\framework\system\Database\BaseConnection.php(670): CodeIgniter\Database\MySQLi\Connection->execute('SELECT * FROM l...')
#2 C:\Users\ayesh\Documents\UPI\RPL\git\lombi-website\Back-End\ci4rplv2\vendor\codeigniter4\framework\system\Database\BaseConnection.php(598): CodeIgniter\Database\BaseConnection->simpleQuery('SELECT * FROM l...')
#3 C:\Users\ayesh\Documents\UPI\RPL\git\lombi-website\Back-End\ci4rplv2\app\Models\Mlomba.php(40): CodeIgniter\Database\BaseConnection->query('SELECT * FROM l...')
#4 C:\Users\ayesh\Documents\UPI\RPL\git\lombi-website\Back-End\ci4rplv2\app\Controllers\Clomba.php(47): App\Models\Mlomba->detail('images')
#5 C:\Users\ayesh\Documents\UPI\RPL\git\lombi-website\Back-End\ci4rplv2\vendor\codeigniter4\framework\system\CodeIgniter.php(832): App\Controllers\Clomba->payment('images', 'logo.png')
#6 C:\Users\ayesh\Documents\UPI\RPL\git\lombi-website\Back-End\ci4rplv2\vendor\codeigniter4\framework\system\CodeIgniter.php(419): CodeIgniter\CodeIgniter->runController(Object(App\Controllers\Clomba))
#7 C:\Users\ayesh\Documents\UPI\RPL\git\lombi-website\Back-End\ci4rplv2\vendor\codeigniter4\framework\system\CodeIgniter.php(326): CodeIgniter\CodeIgniter->handleRequest(NULL, Object(Config\Cache), false)
#8 C:\Users\ayesh\Documents\UPI\RPL\git\lombi-website\Back-End\ci4rplv2\public\index.php(37): CodeIgniter\CodeIgniter->run()
#9 C:\Users\ayesh\Documents\UPI\RPL\git\lombi-website\Back-End\ci4rplv2\vendor\codeigniter4\framework\system\Commands\Server\rewrite.php(43): require_once('C:\\Users\\ayesh\\...')
#10 {main}
CRITICAL - 2022-05-25 05:31:54 --> Trying to access array offset on value of type null
#0 C:\Users\ayesh\Documents\UPI\RPL\git\lombi-website\Back-End\ci4rplv2\app\Views\user\v_kumpulberkas.php(14): CodeIgniter\Debug\Exceptions->errorHandler(2, 'Trying to acces...', 'C:\\Users\\ayesh\\...', 14)
#1 C:\Users\ayesh\Documents\UPI\RPL\git\lombi-website\Back-End\ci4rplv2\vendor\codeigniter4\framework\system\View\View.php(210): include('C:\\Users\\ayesh\\...')
#2 C:\Users\ayesh\Documents\UPI\RPL\git\lombi-website\Back-End\ci4rplv2\vendor\codeigniter4\framework\system\View\View.php(213): CodeIgniter\View\View->CodeIgniter\View\{closure}()
#3 C:\Users\ayesh\Documents\UPI\RPL\git\lombi-website\Back-End\ci4rplv2\vendor\codeigniter4\framework\system\Common.php(1089): CodeIgniter\View\View->render('user/v_kumpulbe...', Array, true)
#4 C:\Users\ayesh\Documents\UPI\RPL\git\lombi-website\Back-End\ci4rplv2\app\Controllers\KumpulBerkas.php(23): view('user/v_kumpulbe...', Array)
#5 C:\Users\ayesh\Documents\UPI\RPL\git\lombi-website\Back-End\ci4rplv2\vendor\codeigniter4\framework\system\CodeIgniter.php(832): App\Controllers\KumpulBerkas->pengisihan('141', 'images', 'logo.png')
#6 C:\Users\ayesh\Documents\UPI\RPL\git\lombi-website\Back-End\ci4rplv2\vendor\codeigniter4\framework\system\CodeIgniter.php(419): CodeIgniter\CodeIgniter->runController(Object(App\Controllers\KumpulBerkas))
#7 C:\Users\ayesh\Documents\UPI\RPL\git\lombi-website\Back-End\ci4rplv2\vendor\codeigniter4\framework\system\CodeIgniter.php(326): CodeIgniter\CodeIgniter->handleRequest(NULL, Object(Config\Cache), false)
#8 C:\Users\ayesh\Documents\UPI\RPL\git\lombi-website\Back-End\ci4rplv2\public\index.php(37): CodeIgniter\CodeIgniter->run()
#9 C:\Users\ayesh\Documents\UPI\RPL\git\lombi-website\Back-End\ci4rplv2\vendor\codeigniter4\framework\system\Commands\Server\rewrite.php(43): require_once('C:\\Users\\ayesh\\...')
#10 {main}
CRITICAL - 2022-05-25 05:32:01 --> Trying to access array offset on value of type null
#0 C:\Users\ayesh\Documents\UPI\RPL\git\lombi-website\Back-End\ci4rplv2\app\Controllers\KumpulBerkas.php(37): CodeIgniter\Debug\Exceptions->errorHandler(2, 'Trying to acces...', 'C:\\Users\\ayesh\\...', 37)
#1 C:\Users\ayesh\Documents\UPI\RPL\git\lombi-website\Back-End\ci4rplv2\vendor\codeigniter4\framework\system\CodeIgniter.php(832): App\Controllers\KumpulBerkas->save('images', 'logo.png')
#2 C:\Users\ayesh\Documents\UPI\RPL\git\lombi-website\Back-End\ci4rplv2\vendor\codeigniter4\framework\system\CodeIgniter.php(419): CodeIgniter\CodeIgniter->runController(Object(App\Controllers\KumpulBerkas))
#3 C:\Users\ayesh\Documents\UPI\RPL\git\lombi-website\Back-End\ci4rplv2\vendor\codeigniter4\framework\system\CodeIgniter.php(326): CodeIgniter\CodeIgniter->handleRequest(NULL, Object(Config\Cache), false)
#4 C:\Users\ayesh\Documents\UPI\RPL\git\lombi-website\Back-End\ci4rplv2\public\index.php(37): CodeIgniter\CodeIgniter->run()
#5 C:\Users\ayesh\Documents\UPI\RPL\git\lombi-website\Back-End\ci4rplv2\vendor\codeigniter4\framework\system\Commands\Server\rewrite.php(43): require_once('C:\\Users\\ayesh\\...')
#6 {main}
CRITICAL - 2022-05-25 05:32:54 --> CodeIgniter\HTTP\RedirectResponse::with(): Argument #1 ($key) must be of type string, null given, called in C:\Users\ayesh\Documents\UPI\RPL\git\lombi-website\Back-End\ci4rplv2\app\Controllers\Login.php on line 60
#0 C:\Users\ayesh\Documents\UPI\RPL\git\lombi-website\Back-End\ci4rplv2\app\Controllers\Login.php(60): CodeIgniter\HTTP\RedirectResponse->with(NULL)
#1 C:\Users\ayesh\Documents\UPI\RPL\git\lombi-website\Back-End\ci4rplv2\vendor\codeigniter4\framework\system\CodeIgniter.php(832): App\Controllers\Login->logout()
#2 C:\Users\ayesh\Documents\UPI\RPL\git\lombi-website\Back-End\ci4rplv2\vendor\codeigniter4\framework\system\CodeIgniter.php(419): CodeIgniter\CodeIgniter->runController(Object(App\Controllers\Login))
#3 C:\Users\ayesh\Documents\UPI\RPL\git\lombi-website\Back-End\ci4rplv2\vendor\codeigniter4\framework\system\CodeIgniter.php(326): CodeIgniter\CodeIgniter->handleRequest(NULL, Object(Config\Cache), false)
#4 C:\Users\ayesh\Documents\UPI\RPL\git\lombi-website\Back-End\ci4rplv2\public\index.php(37): CodeIgniter\CodeIgniter->run()
#5 C:\Users\ayesh\Documents\UPI\RPL\git\lombi-website\Back-End\ci4rplv2\vendor\codeigniter4\framework\system\Commands\Server\rewrite.php(43): require_once('C:\\Users\\ayesh\\...')
#6 {main}
